2015/03/13 11:47:57 [error] [exception.CDbException] exception 'CDbException' with message 'CDbConnection failed to open the DB connection: SQLSTATE[HY000] [1049] Unknown database 'goldenbusinessbd'' in D:\xampp\htdocs\framework\yii\framework\db\CDbConnection.php:399
Stack trace:
#0 D:\xampp\htdocs\framework\yii\framework\db\CDbConnection.php(347): CDbConnection->open()
#1 D:\xampp\htdocs\framework\yii\framework\db\CDbConnection.php(325): CDbConnection->setActive(true)
#2 D:\xampp\htdocs\framework\yii\framework\base\CModule.php(394): CDbConnection->init()
#3 D:\xampp\htdocs\framework\yii\framework\web\CDbHttpSession.php(175): CModule->getComponent('db')
#4 D:\xampp\htdocs\framework\yii\framework\web\CDbHttpSession.php(221): CDbHttpSession->getDbConnection()
#5 [internal function]: CDbHttpSession->readSession('4fb1ubb1p2mrfn3...')
#6 D:\xampp\htdocs\framework\yii\framework\web\CHttpSession.php(114): session_start()
#7 D:\xampp\htdocs\framework\yii\framework\web\CHttpSession.php(88): CHttpSession->open()
#8 D:\xampp\htdocs\framework\yii\framework\base\CModule.php(394): CHttpSession->init()
#9 D:\xampp\htdocs\framework\yii\framework\web\CWebApplication.php(201): CModule->getComponent('session')
#10 D:\xampp\htdocs\framework\yii\framework\web\auth\CWebUser.php(199): CWebApplication->getSession()
#11 D:\xampp\htdocs\framework\yii\framework\base\CModule.php(394): CWebUser->init()
#12 D:\xampp\htdocs\framework\yii\framework\base\CModule.php(103): CModule->getComponent('user')
#13 D:\xampp\htdocs\goldenbusinessbd\protected\components\BackEndController.php(32): CModule->__get('user')
#14 D:\xampp\htdocs\framework\yii\framework\web\CWebApplication.php(281): BackEndController->init()
#15 D:\xampp\htdocs\framework\yii\framework\web\CWebApplication.php(141): CWebApplication->runController('site/index')
#16 D:\xampp\htdocs\framework\yii\framework\base\CApplication.php(184): CWebApplication->processRequest()
#17 D:\xampp\htdocs\goldenbusinessbd\protected\components\WebApplicationEndBehavior.php(24): CApplication->run()
#18 [internal function]: WebApplicationEndBehavior->runEnd('back')
#19 D:\xampp\htdocs\framework\yii\framework\base\CComponent.php(261): call_user_func_array(Array, Array)
#20 D:\xampp\htdocs\goldenbusinessbd\backend.php(14): CComponent->__call('runEnd', Array)
#21 D:\xampp\htdocs\goldenbusinessbd\backend.php(14): CWebApplication->runEnd('back')
#22 {main}
REQUEST_URI=/goldenbusinessbd/backend.php?r=site/index
---
2015/03/14 08:59:36 [error] [system.db.CDbCommand] CDbCommand::fetchAll() failed: SQLSTATE[42S22]: Column not found: 1054 Unknown column 'district' in 'order clause'. The SQL statement executed was: SELECT * FROM `os_jurisdiction_district` `t` ORDER BY district.
in D:\xampp\htdocs\goldenbusinessbd\themes\admin\views\jurisdictionEmployerType\admin.php (67)
in D:\xampp\htdocs\goldenbusinessbd\protected\controllers\back\JurisdictionEmployerTypeController.php (142)
in D:\xampp\htdocs\goldenbusinessbd\protected\components\WebApplicationEndBehavior.php (24)
2015/03/14 08:59:36 [error] [exception.CDbException] exception 'CDbException' with message 'CDbCommand failed to execute the SQL statement: SQLSTATE[42S22]: Column not found: 1054 Unknown column 'district' in 'order clause'. The SQL statement executed was: SELECT * FROM `os_jurisdiction_district` `t` ORDER BY district' in D:\xampp\htdocs\framework\yii\framework\db\CDbCommand.php:543
Stack trace:
#0 D:\xampp\htdocs\framework\yii\framework\db\CDbCommand.php(396): CDbCommand->queryInternal('fetchAll', Array, Array)
#1 D:\xampp\htdocs\framework\yii\framework\db\ar\CActiveRecord.php(1356): CDbCommand->queryAll()
#2 D:\xampp\htdocs\framework\yii\framework\db\ar\CActiveRecord.php(1475): CActiveRecord->query(Object(CDbCriteria), true)
#3 D:\xampp\htdocs\goldenbusinessbd\themes\admin\views\jurisdictionEmployerType\admin.php(67): CActiveRecord->findAll(Array)
#4 D:\xampp\htdocs\framework\yii\framework\web\CBaseController.php(126): require('D:\\xampp\\htdocs...')
#5 D:\xampp\htdocs\framework\yii\framework\web\CBaseController.php(95): CBaseController->renderInternal('D:\\xampp\\htdocs...', Array, true)
#6 D:\xampp\htdocs\framework\yii\framework\web\CController.php(869): CBaseController->renderFile('D:\\xampp\\htdocs...', Array, true)
#7 D:\xampp\htdocs\framework\yii\framework\web\CController.php(782): CController->renderPartial('admin', Array, true)
#8 D:\xampp\htdocs\goldenbusinessbd\protected\controllers\back\JurisdictionEmployerTypeController.php(142): CController->render('admin', Array)
#9 D:\xampp\htdocs\framework\yii\framework\web\actions\CInlineAction.php(49): JurisdictionEmployerTypeController->actionAdmin()
#10 D:\xampp\htdocs\framework\yii\framework\web\CController.php(308): CInlineAction->runWithParams(Array)
#11 D:\xampp\htdocs\framework\yii\framework\web\filters\CFilterChain.php(133): CController->runAction(Object(CInlineAction))
#12 D:\xampp\htdocs\framework\yii\framework\web\filters\CFilter.php(40): CFilterChain->run()
#13 D:\xampp\htdocs\framework\yii\framework\web\CController.php(1145): CFilter->filter(Object(CFilterChain))
#14 D:\xampp\htdocs\framework\yii\framework\web\filters\CInlineFilter.php(58): CController->filterAccessControl(Object(CFilterChain))
#15 D:\xampp\htdocs\framework\yii\framework\web\filters\CFilterChain.php(130): CInlineFilter->filter(Object(CFilterChain))
#16 D:\xampp\htdocs\framework\yii\framework\web\CController.php(291): CFilterChain->run()
#17 D:\xampp\htdocs\framework\yii\framework\web\CController.php(265): CController->runActionWithFilters(Object(CInlineAction), Array)
#18 D:\xampp\htdocs\framework\yii\framework\web\CWebApplication.php(282): CController->run('admin')
#19 D:\xampp\htdocs\framework\yii\framework\web\CWebApplication.php(141): CWebApplication->runController('jurisdictionEmp...')
#20 D:\xampp\htdocs\framework\yii\framework\base\CApplication.php(184): CWebApplication->processRequest()
#21 D:\xampp\htdocs\goldenbusinessbd\protected\components\WebApplicationEndBehavior.php(24): CApplication->run()
#22 [internal function]: WebApplicationEndBehavior->runEnd('back')
#23 D:\xampp\htdocs\framework\yii\framework\base\CComponent.php(261): call_user_func_array(Array, Array)
#24 D:\xampp\htdocs\goldenbusinessbd\backend.php(14): CComponent->__call('runEnd', Array)
#25 D:\xampp\htdocs\goldenbusinessbd\backend.php(14): CWebApplication->runEnd('back')
#26 {main}
REQUEST_URI=/goldenbusinessbd/backend.php?r=jurisdictionEmployerType/admin
---
2015/03/14 09:00:58 [error] [system.db.CDbCommand] CDbCommand::fetchAll() failed: SQLSTATE[42S22]: Column not found: 1054 Unknown column 'tax_taxes_zone' in 'order clause'. The SQL statement executed was: SELECT * FROM `os_jurisdiction_district` `t` ORDER BY tax_taxes_zone.
in D:\xampp\htdocs\goldenbusinessbd\themes\admin\views\jurisdictionEmployerType\_form.php (20)
in D:\xampp\htdocs\goldenbusinessbd\themes\admin\views\jurisdictionEmployerType\create.php (24)
in D:\xampp\htdocs\goldenbusinessbd\protected\controllers\back\JurisdictionEmployerTypeController.php (75)
2015/03/14 09:00:58 [error] [exception.CDbException] exception 'CDbException' with message 'CDbCommand failed to execute the SQL statement: SQLSTATE[42S22]: Column not found: 1054 Unknown column 'tax_taxes_zone' in 'order clause'. The SQL statement executed was: SELECT * FROM `os_jurisdiction_district` `t` ORDER BY tax_taxes_zone' in D:\xampp\htdocs\framework\yii\framework\db\CDbCommand.php:543
Stack trace:
#0 D:\xampp\htdocs\framework\yii\framework\db\CDbCommand.php(396): CDbCommand->queryInternal('fetchAll', Array, Array)
#1 D:\xampp\htdocs\framework\yii\framework\db\ar\CActiveRecord.php(1356): CDbCommand->queryAll()
#2 D:\xampp\htdocs\framework\yii\framework\db\ar\CActiveRecord.php(1475): CActiveRecord->query(Object(CDbCriteria), true)
#3 D:\xampp\htdocs\goldenbusinessbd\themes\admin\views\jurisdictionEmployerType\_form.php(20): CActiveRecord->findAll(Array)
#4 D:\xampp\htdocs\framework\yii\framework\web\CBaseController.php(126): require('D:\\xampp\\htdocs...')
#5 D:\xampp\htdocs\framework\yii\framework\web\CBaseController.php(95): CBaseController->renderInternal('D:\\xampp\\htdocs...', Array, true)
#6 D:\xampp\htdocs\framework\yii\framework\web\CController.php(869): CBaseController->renderFile('D:\\xampp\\htdocs...', Array, true)
#7 D:\xampp\htdocs\goldenbusinessbd\themes\admin\views\jurisdictionEmployerType\create.php(24): CController->renderPartial('_form', Array)
#8 D:\xampp\htdocs\framework\yii\framework\web\CBaseController.php(126): require('D:\\xampp\\htdocs...')
#9 D:\xampp\htdocs\framework\yii\framework\web\CBaseController.php(95): CBaseController->renderInternal('D:\\xampp\\htdocs...', Array, true)
#10 D:\xampp\htdocs\framework\yii\framework\web\CController.php(869): CBaseController->renderFile('D:\\xampp\\htdocs...', Array, true)
#11 D:\xampp\htdocs\framework\yii\framework\web\CController.php(782): CController->renderPartial('create', Array, true)
#12 D:\xampp\htdocs\goldenbusinessbd\protected\controllers\back\JurisdictionEmployerTypeController.php(75): CController->render('create', Array)
#13 D:\xampp\htdocs\framework\yii\framework\web\actions\CInlineAction.php(49): JurisdictionEmployerTypeController->actionCreate()
#14 D:\xampp\htdocs\framework\yii\framework\web\CController.php(308): CInlineAction->runWithParams(Array)
#15 D:\xampp\htdocs\framework\yii\framework\web\filters\CFilterChain.php(133): CController->runAction(Object(CInlineAction))
#16 D:\xampp\htdocs\framework\yii\framework\web\filters\CFilter.php(40): CFilterChain->run()
#17 D:\xampp\htdocs\framework\yii\framework\web\CController.php(1145): CFilter->filter(Object(CFilterChain))
#18 D:\xampp\htdocs\framework\yii\framework\web\filters\CInlineFilter.php(58): CController->filterAccessControl(Object(CFilterChain))
#19 D:\xampp\htdocs\framework\yii\framework\web\filters\CFilterChain.php(130): CInlineFilter->filter(Object(CFilterChain))
#20 D:\xampp\htdocs\framework\yii\framework\web\CController.php(291): CFilterChain->run()
#21 D:\xampp\htdocs\framework\yii\framework\web\CController.php(265): CController->runActionWithFilters(Object(CInlineAction), Array)
#22 D:\xampp\htdocs\framework\yii\framework\web\CWebApplication.php(282): CController->run('create')
#23 D:\xampp\htdocs\framework\yii\framework\web\CWebApplication.php(141): CWebApplication->runController('jurisdictionEmp...')
#24 D:\xampp\htdocs\framework\yii\framework\base\CApplication.php(184): CWebApplication->processRequest()
#25 D:\xampp\htdocs\goldenbusinessbd\protected\components\WebApplicationEndBehavior.php(24): CApplication->run()
#26 [internal function]: WebApplicationEndBehavior->runEnd('back')
#27 D:\xampp\htdocs\framework\yii\framework\base\CComponent.php(261): call_user_func_array(Array, Array)
#28 D:\xampp\htdocs\goldenbusinessbd\backend.php(14): CComponent->__call('runEnd', Array)
#29 D:\xampp\htdocs\goldenbusinessbd\backend.php(14): CWebApplication->runEnd('back')
#30 {main}
REQUEST_URI=/goldenbusinessbd/backend.php?r=jurisdictionEmployerType/create
HTTP_REFERER=http://localhost/goldenbusinessbd/backend.php?r=jurisdictionEmployerType/admin
---
2015/03/14 09:19:07 [error] [system.db.CDbCommand] CDbCommand::fetchAll() failed: SQLSTATE[42S22]: Column not found: 1054 Unknown column 'title' in 'order clause'. The SQL statement executed was: SELECT * FROM `os_jurisdiction_district` `t` ORDER BY title.
in D:\xampp\htdocs\goldenbusinessbd\themes\admin\views\jurisdictionService\admin.php (74)
in D:\xampp\htdocs\goldenbusinessbd\protected\controllers\back\JurisdictionServiceController.php (144)
in D:\xampp\htdocs\goldenbusinessbd\protected\components\WebApplicationEndBehavior.php (24)
2015/03/14 09:19:07 [error] [exception.CDbException] exception 'CDbException' with message 'CDbCommand failed to execute the SQL statement: SQLSTATE[42S22]: Column not found: 1054 Unknown column 'title' in 'order clause'. The SQL statement executed was: SELECT * FROM `os_jurisdiction_district` `t` ORDER BY title' in D:\xampp\htdocs\framework\yii\framework\db\CDbCommand.php:543
Stack trace:
#0 D:\xampp\htdocs\framework\yii\framework\db\CDbCommand.php(396): CDbCommand->queryInternal('fetchAll', Array, Array)
#1 D:\xampp\htdocs\framework\yii\framework\db\ar\CActiveRecord.php(1356): CDbCommand->queryAll()
#2 D:\xampp\htdocs\framework\yii\framework\db\ar\CActiveRecord.php(1475): CActiveRecord->query(Object(CDbCriteria), true)
#3 D:\xampp\htdocs\goldenbusinessbd\themes\admin\views\jurisdictionService\admin.php(74): CActiveRecord->findAll(Array)
#4 D:\xampp\htdocs\framework\yii\framework\web\CBaseController.php(126): require('D:\\xampp\\htdocs...')
#5 D:\xampp\htdocs\framework\yii\framework\web\CBaseController.php(95): CBaseController->renderInternal('D:\\xampp\\htdocs...', Array, true)
#6 D:\xampp\htdocs\framework\yii\framework\web\CController.php(869): CBaseController->renderFile('D:\\xampp\\htdocs...', Array, true)
#7 D:\xampp\htdocs\framework\yii\framework\web\CController.php(782): CController->renderPartial('admin', Array, true)
#8 D:\xampp\htdocs\goldenbusinessbd\protected\controllers\back\JurisdictionServiceController.php(144): CController->render('admin', Array)
#9 D:\xampp\htdocs\framework\yii\framework\web\actions\CInlineAction.php(49): JurisdictionServiceController->actionAdmin()
#10 D:\xampp\htdocs\framework\yii\framework\web\CController.php(308): CInlineAction->runWithParams(Array)
#11 D:\xampp\htdocs\framework\yii\framework\web\filters\CFilterChain.php(133): CController->runAction(Object(CInlineAction))
#12 D:\xampp\htdocs\framework\yii\framework\web\filters\CFilter.php(40): CFilterChain->run()
#13 D:\xampp\htdocs\framework\yii\framework\web\CController.php(1145): CFilter->filter(Object(CFilterChain))
#14 D:\xampp\htdocs\framework\yii\framework\web\filters\CInlineFilter.php(58): CController->filterAccessControl(Object(CFilterChain))
#15 D:\xampp\htdocs\framework\yii\framework\web\filters\CFilterChain.php(130): CInlineFilter->filter(Object(CFilterChain))
#16 D:\xampp\htdocs\framework\yii\framework\web\CController.php(291): CFilterChain->run()
#17 D:\xampp\htdocs\framework\yii\framework\web\CController.php(265): CController->runActionWithFilters(Object(CInlineAction), Array)
#18 D:\xampp\htdocs\framework\yii\framework\web\CWebApplication.php(282): CController->run('admin')
#19 D:\xampp\htdocs\framework\yii\framework\web\CWebApplication.php(141): CWebApplication->runController('jurisdictionSer...')
#20 D:\xampp\htdocs\framework\yii\framework\base\CApplication.php(184): CWebApplication->processRequest()
#21 D:\xampp\htdocs\goldenbusinessbd\protected\components\WebApplicationEndBehavior.php(24): CApplication->run()
#22 [internal function]: WebApplicationEndBehavior->runEnd('back')
#23 D:\xampp\htdocs\framework\yii\framework\base\CComponent.php(261): call_user_func_array(Array, Array)
#24 D:\xampp\htdocs\goldenbusinessbd\backend.php(14): CComponent->__call('runEnd', Array)
#25 D:\xampp\htdocs\goldenbusinessbd\backend.php(14): CWebApplication->runEnd('back')
#26 {main}
REQUEST_URI=/goldenbusinessbd/backend.php?r=jurisdictionService/admin
HTTP_REFERER=http://localhost/goldenbusinessbd/backend.php?r=jurisdictionEmployerType/admin
---
2015/03/14 09:19:36 [error] [system.db.CDbCommand] CDbCommand::fetchAll() failed: SQLSTATE[42S22]: Column not found: 1054 Unknown column 'tax_taxes_circle' in 'order clause'. The SQL statement executed was: SELECT * FROM `os_jurisdiction_range` `t` ORDER BY tax_taxes_circle.
in D:\xampp\htdocs\goldenbusinessbd\themes\admin\views\jurisdictionService\admin.php (96)
in D:\xampp\htdocs\goldenbusinessbd\protected\controllers\back\JurisdictionServiceController.php (144)
in D:\xampp\htdocs\goldenbusinessbd\protected\components\WebApplicationEndBehavior.php (24)
2015/03/14 09:19:36 [error] [exception.CDbException] exception 'CDbException' with message 'CDbCommand failed to execute the SQL statement: SQLSTATE[42S22]: Column not found: 1054 Unknown column 'tax_taxes_circle' in 'order clause'. The SQL statement executed was: SELECT * FROM `os_jurisdiction_range` `t` ORDER BY tax_taxes_circle' in D:\xampp\htdocs\framework\yii\framework\db\CDbCommand.php:543
Stack trace:
#0 D:\xampp\htdocs\framework\yii\framework\db\CDbCommand.php(396): CDbCommand->queryInternal('fetchAll', Array, Array)
#1 D:\xampp\htdocs\framework\yii\framework\db\ar\CActiveRecord.php(1356): CDbCommand->queryAll()
#2 D:\xampp\htdocs\framework\yii\framework\db\ar\CActiveRecord.php(1475): CActiveRecord->query(Object(CDbCriteria), true)
#3 D:\xampp\htdocs\goldenbusinessbd\themes\admin\views\jurisdictionService\admin.php(96): CActiveRecord->findAll(Array)
#4 D:\xampp\htdocs\framework\yii\framework\web\CBaseController.php(126): require('D:\\xampp\\htdocs...')
#5 D:\xampp\htdocs\framework\yii\framework\web\CBaseController.php(95): CBaseController->renderInternal('D:\\xampp\\htdocs...', Array, true)
#6 D:\xampp\htdocs\framework\yii\framework\web\CController.php(869): CBaseController->renderFile('D:\\xampp\\htdocs...', Array, true)
#7 D:\xampp\htdocs\framework\yii\framework\web\CController.php(782): CController->renderPartial('admin', Array, true)
#8 D:\xampp\htdocs\goldenbusinessbd\protected\controllers\back\JurisdictionServiceController.php(144): CController->render('admin', Array)
#9 D:\xampp\htdocs\framework\yii\framework\web\actions\CInlineAction.php(49): JurisdictionServiceController->actionAdmin()
#10 D:\xampp\htdocs\framework\yii\framework\web\CController.php(308): CInlineAction->runWithParams(Array)
#11 D:\xampp\htdocs\framework\yii\framework\web\filters\CFilterChain.php(133): CController->runAction(Object(CInlineAction))
#12 D:\xampp\htdocs\framework\yii\framework\web\filters\CFilter.php(40): CFilterChain->run()
#13 D:\xampp\htdocs\framework\yii\framework\web\CController.php(1145): CFilter->filter(Object(CFilterChain))
#14 D:\xampp\htdocs\framework\yii\framework\web\filters\CInlineFilter.php(58): CController->filterAccessControl(Object(CFilterChain))
#15 D:\xampp\htdocs\framework\yii\framework\web\filters\CFilterChain.php(130): CInlineFilter->filter(Object(CFilterChain))
#16 D:\xampp\htdocs\framework\yii\framework\web\CController.php(291): CFilterChain->run()
#17 D:\xampp\htdocs\framework\yii\framework\web\CController.php(265): CController->runActionWithFilters(Object(CInlineAction), Array)
#18 D:\xampp\htdocs\framework\yii\framework\web\CWebApplication.php(282): CController->run('admin')
#19 D:\xampp\htdocs\framework\yii\framework\web\CWebApplication.php(141): CWebApplication->runController('jurisdictionSer...')
#20 D:\xampp\htdocs\framework\yii\framework\base\CApplication.php(184): CWebApplication->processRequest()
#21 D:\xampp\htdocs\goldenbusinessbd\protected\components\WebApplicationEndBehavior.php(24): CApplication->run()
#22 [internal function]: WebApplicationEndBehavior->runEnd('back')
#23 D:\xampp\htdocs\framework\yii\framework\base\CComponent.php(261): call_user_func_array(Array, Array)
#24 D:\xampp\htdocs\goldenbusinessbd\backend.php(14): CComponent->__call('runEnd', Array)
#25 D:\xampp\htdocs\goldenbusinessbd\backend.php(14): CWebApplication->runEnd('back')
#26 {main}
REQUEST_URI=/goldenbusinessbd/backend.php?r=jurisdictionService/admin
HTTP_REFERER=http://localhost/goldenbusinessbd/backend.php?r=jurisdictionEmployerType/admin
---
